[2020-03-26 21:40:55,935] {taskinstance.py:655} INFO - Dependencies all met for <TaskInstance: upload_s3.extract_mail 2020-01-01T07:05:00+00:00 [queued]>
[2020-03-26 21:40:55,968] {taskinstance.py:655} INFO - Dependencies all met for <TaskInstance: upload_s3.extract_mail 2020-01-01T07:05:00+00:00 [queued]>
[2020-03-26 21:40:55,968] {taskinstance.py:866} INFO - 
--------------------------------------------------------------------------------
[2020-03-26 21:40:55,968] {taskinstance.py:867} INFO - Starting attempt 1 of 1
[2020-03-26 21:40:55,968] {taskinstance.py:868} INFO - 
--------------------------------------------------------------------------------
[2020-03-26 21:40:56,003] {taskinstance.py:887} INFO - Executing <Task(PythonOperator): extract_mail> on 2020-01-01T07:05:00+00:00
[2020-03-26 21:40:56,011] {standard_task_runner.py:53} INFO - Started process 31332 to run task
[2020-03-26 21:40:56,164] {logging_mixin.py:112} INFO - Running %s on host %s <TaskInstance: upload_s3.extract_mail 2020-01-01T07:05:00+00:00 [running]> 1.0.0.0.0.0.0.0.0.0.0.0.0.0.0.0.0.0.0.0.0.0.0.0.0.0.0.0.0.0.0.0.ip6.arpa
[2020-03-26 21:41:01,420] {logging_mixin.py:112} INFO - OK [b'quanghuy.qut@gmail.com authenticated (Success)']
[2020-03-26 21:41:01,970] {logging_mixin.py:112} INFO - Mailboxes:
[2020-03-26 21:41:01,971] {logging_mixin.py:112} INFO - [b'(\\HasNoChildren) "/" "INBOX"', b'(\\HasChildren \\Noselect) "/" "[Gmail]"', b'(\\All \\HasNoChildren) "/" "[Gmail]/All Mail"', b'(\\Drafts \\HasNoChildren) "/" "[Gmail]/Drafts"', b'(\\HasNoChildren \\Important) "/" "[Gmail]/Important"', b'(\\HasNoChildren \\Sent) "/" "[Gmail]/Sent Mail"', b'(\\HasNoChildren \\Junk) "/" "[Gmail]/Spam"', b'(\\Flagged \\HasNoChildren) "/" "[Gmail]/Starred"', b'(\\HasNoChildren \\Trash) "/" "[Gmail]/Trash"']
[2020-03-26 21:41:04,881] {logging_mixin.py:112} INFO - Processing mailbox...
[2020-03-26 21:41:04,881] {logging_mixin.py:112} INFO - 
[2020-03-26 21:41:05,266] {logging_mixin.py:112} INFO - 22
[2020-03-26 21:41:09,216] {logging_mixin.py:112} WARNING - /Users/tranquanghuy/email_analytics_dashoard/airflow_dir/dags/upload_to_S3.py:21: UserWarning: No parser was explicitly specified, so I'm using the best available HTML parser for this system ("html.parser"). This usually isn't a problem, but if you run this code on another system, or in a different virtual environment, it may use a different parser and behave differently.

The code that caused this warning is on line 21 of the file /Users/tranquanghuy/email_analytics_dashoard/airflow_dir/dags/upload_to_S3.py. To get rid of this warning, pass the additional argument 'features="html.parser"' to the BeautifulSoup constructor.

  soup = BeautifulSoup(body)
[2020-03-26 21:41:09,246] {logging_mixin.py:112} INFO - Message b'1': Your order with order ID 13835414 is confirmed
[2020-03-26 21:41:09,247] {logging_mixin.py:112} INFO - Raw Date: Sat, 09 Sep 2017 10:21:25 +0000 (UTC)
[2020-03-26 21:41:09,248] {logging_mixin.py:112} INFO - (2017, 9, 9, 10, 21, 25, 0, 1, -1, 0)
[2020-03-26 21:41:09,249] {logging_mixin.py:112} INFO - Local Date: 09-Sep-2017
[2020-03-26 21:41:09,249] {logging_mixin.py:112} INFO - Your order with order ID 13835414 is confirmed,"viagogo" <customerservice@orders.viagogo.com>,09-Sep-2017
[2020-03-26 21:41:10,222] {logging_mixin.py:112} INFO - Message b'2': Re: Congrats! Code Camp Staff Portal
[2020-03-26 21:41:10,223] {logging_mixin.py:112} INFO - Raw Date: Thu, 5 Oct 2017 12:26:32 +1100
[2020-03-26 21:41:10,223] {logging_mixin.py:112} INFO - (2017, 10, 5, 12, 26, 32, 0, 1, -1, 39600)
[2020-03-26 21:41:10,225] {logging_mixin.py:112} INFO - Local Date: 05-Oct-2017
[2020-03-26 21:41:10,226] {logging_mixin.py:112} INFO - Re: Congrats! Code Camp Staff Portal,Ella Milech <ella@codecamp.com.au>,05-Oct-2017
[2020-03-26 21:41:29,196] {logging_mixin.py:112} INFO - Message b'3': Download Your E-Tickets - Order 13835414
[2020-03-26 21:41:29,197] {logging_mixin.py:112} INFO - Raw Date: Fri, 13 Oct 2017 13:39:16 +0000 (UTC)
[2020-03-26 21:41:29,197] {logging_mixin.py:112} INFO - (2017, 10, 13, 13, 39, 16, 0, 1, -1, 0)
[2020-03-26 21:41:29,198] {logging_mixin.py:112} INFO - Local Date: 13-Oct-2017
[2020-03-26 21:41:29,198] {logging_mixin.py:112} INFO - Download Your E-Tickets - Order 13835414,"viagogo" <customerservice@orders.viagogo.com>,13-Oct-2017
[2020-03-26 21:41:30,374] {logging_mixin.py:112} INFO - Message b'4': QUT Student Tax Invoice
[2020-03-26 21:41:30,375] {logging_mixin.py:112} INFO - Raw Date: Fri, 22 Dec 2017 20:02:31 +1000
[2020-03-26 21:41:30,375] {logging_mixin.py:112} INFO - (2017, 12, 22, 20, 2, 31, 0, 1, -1, 36000)
[2020-03-26 21:41:30,376] {logging_mixin.py:112} INFO - Local Date: 22-Dec-2017
[2020-03-26 21:41:30,376] {logging_mixin.py:112} INFO - QUT Student Tax Invoice,<no-reply@qut.edu.au>,22-Dec-2017
[2020-03-26 21:41:31,466] {logging_mixin.py:112} INFO - Message b'5': RE: World Science Festival Brisbane 2018 - Volunteering - REMINDER
[2020-03-26 21:41:31,466] {logging_mixin.py:112} INFO - Raw Date: Wed, 13 Dec 2017 03:52:21 +0000
[2020-03-26 21:41:31,467] {logging_mixin.py:112} INFO - (2017, 12, 13, 3, 52, 21, 0, 1, -1, 0)
[2020-03-26 21:41:31,467] {logging_mixin.py:112} INFO - Local Date: 13-Dec-2017
[2020-03-26 21:41:31,468] {logging_mixin.py:112} INFO - RE: World Science Festival Brisbane 2018 - Volunteering - REMINDER,Andy Mullally <andy.mullally@qm.qld.gov.au>,13-Dec-2017
[2020-03-26 21:41:32,956] {logging_mixin.py:112} INFO - Message b'6': Semester Two Events
[2020-03-26 21:41:32,957] {logging_mixin.py:112} INFO - Raw Date: Tue, 10 Jul 2018 02:00:38 +0000
[2020-03-26 21:41:32,957] {logging_mixin.py:112} INFO - (2018, 7, 10, 2, 0, 38, 0, 1, -1, 0)
[2020-03-26 21:41:32,958] {logging_mixin.py:112} INFO - Local Date: 10-Jul-2018
[2020-03-26 21:41:32,959] {logging_mixin.py:112} INFO - Semester Two Events,QUT College of Excellence <collegeofexcellence@qut.edu.au>,10-Jul-2018
[2020-03-26 21:41:35,147] {logging_mixin.py:112} INFO - Message b'7': Shift Confirmation Email
[2020-03-26 21:41:35,148] {logging_mixin.py:112} INFO - Raw Date: Wed, 8 Aug 2018 10:23:07 +0000
[2020-03-26 21:41:35,148] {logging_mixin.py:112} INFO - (2018, 8, 8, 10, 23, 7, 0, 1, -1, 0)
[2020-03-26 21:41:35,149] {logging_mixin.py:112} INFO - Local Date: 08-Aug-2018
[2020-03-26 21:41:35,149] {logging_mixin.py:112} INFO - Shift Confirmation Email,The Prince Charles Hospital Foundation <events@thecommongood.org.au>,08-Aug-2018
[2020-03-26 21:41:36,166] {logging_mixin.py:112} INFO - Message b'8': Re: Work experience application
[2020-03-26 21:41:36,166] {logging_mixin.py:112} INFO - Raw Date: Wed, 26 Sep 2018 09:04:21 +1000
[2020-03-26 21:41:36,167] {logging_mixin.py:112} INFO - (2018, 9, 26, 9, 4, 21, 0, 1, -1, 36000)
[2020-03-26 21:41:36,168] {logging_mixin.py:112} INFO - Local Date: 26-Sep-2018
[2020-03-26 21:41:36,168] {logging_mixin.py:112} INFO - Re: Work experience application,Brittany Bennett <brittany@codeheroes.com.au>,26-Sep-2018
[2020-03-26 21:41:49,053] {logging_mixin.py:112} INFO - Message b'9': [VNCR Christmas School] Announcement - lessons and discussions (thông báo link học tập)
[2020-03-26 21:41:49,055] {logging_mixin.py:112} INFO - Raw Date: Fri, 28 Dec 2018 10:30:24 +0000
[2020-03-26 21:41:49,056] {logging_mixin.py:112} INFO - (2018, 12, 28, 10, 30, 24, 0, 1, -1, 0)
[2020-03-26 21:41:49,056] {logging_mixin.py:112} INFO - Local Date: 28-Dec-2018
[2020-03-26 21:41:49,057] {logging_mixin.py:112} INFO - [VNCR Christmas School] Announcement - lessons and discussions (thông báo link học tập),Control & Robotics Group <vncr.group@gmail.com>,28-Dec-2018
[2020-03-26 21:41:50,468] {logging_mixin.py:112} INFO - Message b'10': SURPRISE! Here's a perkalicious gift to celebrate your birthday Harry 🎂
[2020-03-26 21:41:50,468] {logging_mixin.py:112} INFO - Raw Date: Mon, 31 Dec 2018 17:57:06 -0600
[2020-03-26 21:41:50,469] {logging_mixin.py:112} INFO - (2018, 12, 31, 17, 57, 6, 0, 1, -1, -21600)
[2020-03-26 21:41:50,470] {logging_mixin.py:112} INFO - Local Date: 01-Jan-2019
[2020-03-26 21:41:50,470] {logging_mixin.py:112} INFO - SURPRISE! Here's a perkalicious gift to celebrate your birthday Harry 🎂,"Perks by CottonOn & Co." <news@e.cottonon.com>,01-Jan-2019
[2020-03-26 21:41:51,401] {logging_mixin.py:112} INFO - Message b'11': QUT OZ EX - Participant Confirmation
[2020-03-26 21:41:51,402] {logging_mixin.py:112} INFO - Raw Date: Wed, 1 May 2019 00:05:15 +0000
[2020-03-26 21:41:51,403] {logging_mixin.py:112} INFO - (2019, 5, 1, 0, 5, 15, 0, 1, -1, 0)
[2020-03-26 21:41:51,404] {logging_mixin.py:112} INFO - Local Date: 01-May-2019
[2020-03-26 21:41:51,404] {logging_mixin.py:112} INFO - QUT OZ EX - Participant Confirmation ,QUT OZ EX <ozex@qut.edu.au>,01-May-2019
[2020-03-26 21:41:54,528] {logging_mixin.py:112} INFO - Message b'12': QUT Oz-Ex Program Project Brief
[2020-03-26 21:41:54,529] {logging_mixin.py:112} INFO - Raw Date: Tue, 11 Jun 2019 01:39:18 +0000
[2020-03-26 21:41:54,529] {logging_mixin.py:112} INFO - (2019, 6, 11, 1, 39, 18, 0, 1, -1, 0)
[2020-03-26 21:41:54,530] {logging_mixin.py:112} INFO - Local Date: 11-Jun-2019
[2020-03-26 21:41:54,530] {logging_mixin.py:112} INFO - QUT Oz-Ex Program Project Brief,Emily Stannard <Emily.Stannard@readygrad.com.au>,11-Jun-2019
[2020-03-26 22:05:36,594] {logging_mixin.py:112} INFO - [2020-03-26 22:05:36,587] {local_task_job.py:167} WARNING - State of this instance has been externally set to None. Taking the poison pill.
[2020-03-26 22:05:36,609] {helpers.py:322} INFO - Sending Signals.SIGTERM to GPID 31332
[2020-03-26 22:05:36,611] {taskinstance.py:941} ERROR - Received SIGTERM. Terminating subprocesses.
[2020-03-26 22:05:36,654] {taskinstance.py:1128} ERROR - Task received SIGTERM signal
Traceback (most recent call last):
  File "/Users/tranquanghuy/email_analytics_dashoard/email_env/lib/python3.6/site-packages/airflow/models/taskinstance.py", line 966, in _run_raw_task
    result = task_copy.execute(context=context)
  File "/Users/tranquanghuy/email_analytics_dashoard/email_env/lib/python3.6/site-packages/airflow/operators/python_operator.py", line 113, in execute
    return_value = self.execute_callable()
  File "/Users/tranquanghuy/email_analytics_dashoard/email_env/lib/python3.6/site-packages/airflow/operators/python_operator.py", line 118, in execute_callable
    return self.python_callable(*self.op_args, **self.op_kwargs)
  File "/Users/tranquanghuy/email_analytics_dashoard/airflow_dir/dags/upload_to_S3.py", line 127, in extract_email
    print("Processing mailbox...\n")
  File "/Users/tranquanghuy/email_analytics_dashoard/airflow_dir/dags/upload_to_S3.py", line 67, in process_mailbox
    rv, data = M.fetch(num, '(RFC822)')
  File "/Library/Frameworks/Python.framework/Versions/3.6/lib/python3.6/imaplib.py", line 526, in fetch
    typ, dat = self._simple_command(name, message_set, message_parts)
  File "/Library/Frameworks/Python.framework/Versions/3.6/lib/python3.6/imaplib.py", line 1188, in _simple_command
    return self._command_complete(name, self._command(name, *args))
  File "/Library/Frameworks/Python.framework/Versions/3.6/lib/python3.6/imaplib.py", line 1011, in _command_complete
    typ, data = self._get_tagged_response(tag)
  File "/Library/Frameworks/Python.framework/Versions/3.6/lib/python3.6/imaplib.py", line 1131, in _get_tagged_response
    self._get_response()
  File "/Library/Frameworks/Python.framework/Versions/3.6/lib/python3.6/imaplib.py", line 1086, in _get_response
    data = self.read(size)
  File "/Library/Frameworks/Python.framework/Versions/3.6/lib/python3.6/imaplib.py", line 300, in read
    return self.file.read(size)
  File "/Library/Frameworks/Python.framework/Versions/3.6/lib/python3.6/socket.py", line 586, in readinto
    return self._sock.recv_into(b)
  File "/Library/Frameworks/Python.framework/Versions/3.6/lib/python3.6/ssl.py", line 1002, in recv_into
    return self.read(nbytes, buffer)
  File "/Library/Frameworks/Python.framework/Versions/3.6/lib/python3.6/ssl.py", line 865, in read
    return self._sslobj.read(len, buffer)
  File "/Library/Frameworks/Python.framework/Versions/3.6/lib/python3.6/ssl.py", line 625, in read
    v = self._sslobj.read(len, buffer)
  File "/Users/tranquanghuy/email_analytics_dashoard/email_env/lib/python3.6/site-packages/airflow/models/taskinstance.py", line 943, in signal_handler
    raise AirflowException("Task received SIGTERM signal")
airflow.exceptions.AirflowException: Task received SIGTERM signal
[2020-03-26 22:05:36,667] {taskinstance.py:1185} INFO - Marking task as FAILED.dag_id=upload_s3, task_id=extract_mail, execution_date=20200101T070500, start_date=20200326T114055, end_date=20200326T120536
[2020-03-26 22:05:36,704] {helpers.py:288} INFO - Process psutil.Process(pid=31332, status='terminated') (31332) terminated with exit code 1
[2020-03-26 22:05:41,572] {logging_mixin.py:112} INFO - [2020-03-26 22:05:41,571] {local_task_job.py:103} INFO - Task exited with return code 1
