[2020-03-26 21:36:51,650] {taskinstance.py:655} INFO - Dependencies all met for <TaskInstance: upload_s3.extract_mail 2020-01-01T03:30:00+00:00 [queued]>
[2020-03-26 21:36:51,676] {taskinstance.py:655} INFO - Dependencies all met for <TaskInstance: upload_s3.extract_mail 2020-01-01T03:30:00+00:00 [queued]>
[2020-03-26 21:36:51,676] {taskinstance.py:866} INFO - 
--------------------------------------------------------------------------------
[2020-03-26 21:36:51,676] {taskinstance.py:867} INFO - Starting attempt 1 of 1
[2020-03-26 21:36:51,676] {taskinstance.py:868} INFO - 
--------------------------------------------------------------------------------
[2020-03-26 21:36:51,755] {taskinstance.py:887} INFO - Executing <Task(PythonOperator): extract_mail> on 2020-01-01T03:30:00+00:00
[2020-03-26 21:36:51,767] {standard_task_runner.py:53} INFO - Started process 25764 to run task
[2020-03-26 21:36:51,913] {logging_mixin.py:112} INFO - Running %s on host %s <TaskInstance: upload_s3.extract_mail 2020-01-01T03:30:00+00:00 [running]> 1.0.0.0.0.0.0.0.0.0.0.0.0.0.0.0.0.0.0.0.0.0.0.0.0.0.0.0.0.0.0.0.ip6.arpa
[2020-03-26 21:36:57,314] {logging_mixin.py:112} INFO - OK [b'quanghuy.qut@gmail.com authenticated (Success)']
[2020-03-26 21:36:57,804] {logging_mixin.py:112} INFO - Mailboxes:
[2020-03-26 21:36:57,804] {logging_mixin.py:112} INFO - [b'(\\HasNoChildren) "/" "INBOX"', b'(\\HasChildren \\Noselect) "/" "[Gmail]"', b'(\\All \\HasNoChildren) "/" "[Gmail]/All Mail"', b'(\\Drafts \\HasNoChildren) "/" "[Gmail]/Drafts"', b'(\\HasNoChildren \\Important) "/" "[Gmail]/Important"', b'(\\HasNoChildren \\Sent) "/" "[Gmail]/Sent Mail"', b'(\\HasNoChildren \\Junk) "/" "[Gmail]/Spam"', b'(\\Flagged \\HasNoChildren) "/" "[Gmail]/Starred"', b'(\\HasNoChildren \\Trash) "/" "[Gmail]/Trash"']
[2020-03-26 21:37:00,138] {logging_mixin.py:112} INFO - Processing mailbox...
[2020-03-26 21:37:00,139] {logging_mixin.py:112} INFO - 
[2020-03-26 21:37:00,574] {logging_mixin.py:112} INFO - 22
[2020-03-26 21:37:06,007] {logging_mixin.py:112} WARNING - /Users/tranquanghuy/email_analytics_dashoard/airflow_dir/dags/upload_to_S3.py:21: UserWarning: No parser was explicitly specified, so I'm using the best available HTML parser for this system ("html.parser"). This usually isn't a problem, but if you run this code on another system, or in a different virtual environment, it may use a different parser and behave differently.

The code that caused this warning is on line 21 of the file /Users/tranquanghuy/email_analytics_dashoard/airflow_dir/dags/upload_to_S3.py. To get rid of this warning, pass the additional argument 'features="html.parser"' to the BeautifulSoup constructor.

  soup = BeautifulSoup(body)
[2020-03-26 21:37:06,034] {logging_mixin.py:112} INFO - Message b'1': Your order with order ID 13835414 is confirmed
[2020-03-26 21:37:06,035] {logging_mixin.py:112} INFO - Raw Date: Sat, 09 Sep 2017 10:21:25 +0000 (UTC)
[2020-03-26 21:37:06,035] {logging_mixin.py:112} INFO - (2017, 9, 9, 10, 21, 25, 0, 1, -1, 0)
[2020-03-26 21:37:06,036] {logging_mixin.py:112} INFO - Local Date: 09-Sep-2017
[2020-03-26 21:37:06,037] {logging_mixin.py:112} INFO - Your order with order ID 13835414 is confirmed,"viagogo" <customerservice@orders.viagogo.com>,09-Sep-2017
[2020-03-26 21:37:07,442] {logging_mixin.py:112} INFO - Message b'2': Re: Congrats! Code Camp Staff Portal
[2020-03-26 21:37:07,449] {logging_mixin.py:112} INFO - Raw Date: Thu, 5 Oct 2017 12:26:32 +1100
[2020-03-26 21:37:07,449] {logging_mixin.py:112} INFO - (2017, 10, 5, 12, 26, 32, 0, 1, -1, 39600)
[2020-03-26 21:37:07,451] {logging_mixin.py:112} INFO - Local Date: 05-Oct-2017
[2020-03-26 21:37:07,452] {logging_mixin.py:112} INFO - Re: Congrats! Code Camp Staff Portal,Ella Milech <ella@codecamp.com.au>,05-Oct-2017
[2020-03-26 21:37:10,364] {logging_mixin.py:112} INFO - Message b'3': Download Your E-Tickets - Order 13835414
[2020-03-26 21:37:10,364] {logging_mixin.py:112} INFO - Raw Date: Fri, 13 Oct 2017 13:39:16 +0000 (UTC)
[2020-03-26 21:37:10,364] {logging_mixin.py:112} INFO - (2017, 10, 13, 13, 39, 16, 0, 1, -1, 0)
[2020-03-26 21:37:10,365] {logging_mixin.py:112} INFO - Local Date: 13-Oct-2017
[2020-03-26 21:37:10,365] {logging_mixin.py:112} INFO - Download Your E-Tickets - Order 13835414,"viagogo" <customerservice@orders.viagogo.com>,13-Oct-2017
[2020-03-26 21:37:12,145] {logging_mixin.py:112} INFO - Message b'4': QUT Student Tax Invoice
[2020-03-26 21:37:12,145] {logging_mixin.py:112} INFO - Raw Date: Fri, 22 Dec 2017 20:02:31 +1000
[2020-03-26 21:37:12,146] {logging_mixin.py:112} INFO - (2017, 12, 22, 20, 2, 31, 0, 1, -1, 36000)
[2020-03-26 21:37:12,147] {logging_mixin.py:112} INFO - Local Date: 22-Dec-2017
[2020-03-26 21:37:12,147] {logging_mixin.py:112} INFO - QUT Student Tax Invoice,<no-reply@qut.edu.au>,22-Dec-2017
[2020-03-26 21:37:16,200] {logging_mixin.py:112} INFO - Message b'5': RE: World Science Festival Brisbane 2018 - Volunteering - REMINDER
[2020-03-26 21:37:16,201] {logging_mixin.py:112} INFO - Raw Date: Wed, 13 Dec 2017 03:52:21 +0000
[2020-03-26 21:37:16,202] {logging_mixin.py:112} INFO - (2017, 12, 13, 3, 52, 21, 0, 1, -1, 0)
[2020-03-26 21:37:16,203] {logging_mixin.py:112} INFO - Local Date: 13-Dec-2017
[2020-03-26 21:37:16,203] {logging_mixin.py:112} INFO - RE: World Science Festival Brisbane 2018 - Volunteering - REMINDER,Andy Mullally <andy.mullally@qm.qld.gov.au>,13-Dec-2017
[2020-03-26 21:37:18,304] {logging_mixin.py:112} INFO - Message b'6': Semester Two Events
[2020-03-26 21:37:18,305] {logging_mixin.py:112} INFO - Raw Date: Tue, 10 Jul 2018 02:00:38 +0000
[2020-03-26 21:37:18,305] {logging_mixin.py:112} INFO - (2018, 7, 10, 2, 0, 38, 0, 1, -1, 0)
[2020-03-26 21:37:18,306] {logging_mixin.py:112} INFO - Local Date: 10-Jul-2018
[2020-03-26 21:37:18,306] {logging_mixin.py:112} INFO - Semester Two Events,QUT College of Excellence <collegeofexcellence@qut.edu.au>,10-Jul-2018
[2020-03-26 21:37:19,979] {logging_mixin.py:112} INFO - Message b'7': Shift Confirmation Email
[2020-03-26 21:37:19,980] {logging_mixin.py:112} INFO - Raw Date: Wed, 8 Aug 2018 10:23:07 +0000
[2020-03-26 21:37:19,980] {logging_mixin.py:112} INFO - (2018, 8, 8, 10, 23, 7, 0, 1, -1, 0)
[2020-03-26 21:37:19,981] {logging_mixin.py:112} INFO - Local Date: 08-Aug-2018
[2020-03-26 21:37:19,981] {logging_mixin.py:112} INFO - Shift Confirmation Email,The Prince Charles Hospital Foundation <events@thecommongood.org.au>,08-Aug-2018
[2020-03-26 21:37:20,541] {logging_mixin.py:112} INFO - Message b'8': Re: Work experience application
[2020-03-26 21:37:20,541] {logging_mixin.py:112} INFO - Raw Date: Wed, 26 Sep 2018 09:04:21 +1000
[2020-03-26 21:37:20,542] {logging_mixin.py:112} INFO - (2018, 9, 26, 9, 4, 21, 0, 1, -1, 36000)
[2020-03-26 21:37:20,543] {logging_mixin.py:112} INFO - Local Date: 26-Sep-2018
[2020-03-26 21:37:20,543] {logging_mixin.py:112} INFO - Re: Work experience application,Brittany Bennett <brittany@codeheroes.com.au>,26-Sep-2018
[2020-03-26 21:37:21,331] {logging_mixin.py:112} INFO - Message b'9': [VNCR Christmas School] Announcement - lessons and discussions (thông báo link học tập)
[2020-03-26 21:37:21,331] {logging_mixin.py:112} INFO - Raw Date: Fri, 28 Dec 2018 10:30:24 +0000
[2020-03-26 21:37:21,332] {logging_mixin.py:112} INFO - (2018, 12, 28, 10, 30, 24, 0, 1, -1, 0)
[2020-03-26 21:37:21,333] {logging_mixin.py:112} INFO - Local Date: 28-Dec-2018
[2020-03-26 21:37:21,333] {logging_mixin.py:112} INFO - [VNCR Christmas School] Announcement - lessons and discussions (thông báo link học tập),Control & Robotics Group <vncr.group@gmail.com>,28-Dec-2018
[2020-03-26 21:37:23,325] {logging_mixin.py:112} INFO - Message b'10': SURPRISE! Here's a perkalicious gift to celebrate your birthday Harry 🎂
[2020-03-26 21:37:23,325] {logging_mixin.py:112} INFO - Raw Date: Mon, 31 Dec 2018 17:57:06 -0600
[2020-03-26 21:37:23,326] {logging_mixin.py:112} INFO - (2018, 12, 31, 17, 57, 6, 0, 1, -1, -21600)
[2020-03-26 21:37:23,327] {logging_mixin.py:112} INFO - Local Date: 01-Jan-2019
[2020-03-26 21:37:23,327] {logging_mixin.py:112} INFO - SURPRISE! Here's a perkalicious gift to celebrate your birthday Harry 🎂,"Perks by CottonOn & Co." <news@e.cottonon.com>,01-Jan-2019
[2020-03-26 21:37:24,773] {logging_mixin.py:112} INFO - Message b'11': QUT OZ EX - Participant Confirmation
[2020-03-26 21:37:24,773] {logging_mixin.py:112} INFO - Raw Date: Wed, 1 May 2019 00:05:15 +0000
[2020-03-26 21:37:24,774] {logging_mixin.py:112} INFO - (2019, 5, 1, 0, 5, 15, 0, 1, -1, 0)
[2020-03-26 21:37:24,775] {logging_mixin.py:112} INFO - Local Date: 01-May-2019
[2020-03-26 21:37:24,775] {logging_mixin.py:112} INFO - QUT OZ EX - Participant Confirmation ,QUT OZ EX <ozex@qut.edu.au>,01-May-2019
[2020-03-26 21:37:28,155] {logging_mixin.py:112} INFO - Message b'12': QUT Oz-Ex Program Project Brief
[2020-03-26 21:37:28,156] {logging_mixin.py:112} INFO - Raw Date: Tue, 11 Jun 2019 01:39:18 +0000
[2020-03-26 21:37:28,157] {logging_mixin.py:112} INFO - (2019, 6, 11, 1, 39, 18, 0, 1, -1, 0)
[2020-03-26 21:37:28,157] {logging_mixin.py:112} INFO - Local Date: 11-Jun-2019
[2020-03-26 21:37:28,158] {logging_mixin.py:112} INFO - QUT Oz-Ex Program Project Brief,Emily Stannard <Emily.Stannard@readygrad.com.au>,11-Jun-2019
[2020-03-26 21:37:30,520] {logging_mixin.py:112} INFO - Message b'13': RE: REMINDER: OZ EX Preparation Seminar
[2020-03-26 21:37:30,522] {logging_mixin.py:112} INFO - Raw Date: Thu, 20 Jun 2019 03:15:02 +0000
[2020-03-26 21:37:30,523] {logging_mixin.py:112} INFO - (2019, 6, 20, 3, 15, 2, 0, 1, -1, 0)
[2020-03-26 21:37:30,524] {logging_mixin.py:112} INFO - Local Date: 20-Jun-2019
[2020-03-26 21:37:30,525] {logging_mixin.py:112} INFO - RE: REMINDER: OZ EX Preparation Seminar ,QUT OZ EX <ozex@qut.edu.au>,20-Jun-2019
[2020-03-26 21:37:31,817] {logging_mixin.py:112} INFO - Message b'14': mel plan
[2020-03-26 21:37:31,817] {logging_mixin.py:112} INFO - Raw Date: Sat, 22 Jun 2019 17:27:50 +1000
[2020-03-26 21:37:31,818] {logging_mixin.py:112} INFO - (2019, 6, 22, 17, 27, 50, 0, 1, -1, 36000)
[2020-03-26 21:37:31,818] {logging_mixin.py:112} INFO - Local Date: 22-Jun-2019
[2020-03-26 21:37:31,819] {logging_mixin.py:112} INFO - mel plan,Thu Anh Nguyen <sunshine14499@gmail.com>,22-Jun-2019
[2020-03-26 21:37:42,238] {logging_mixin.py:112} INFO - Message b'15': Fwd: Successful application - 9/31 Upper Clifton Terrace Red Hill
[2020-03-26 21:37:42,239] {logging_mixin.py:112} INFO - Raw Date: Mon, 6 Jan 2020 18:06:55 +0700
[2020-03-26 21:37:42,239] {logging_mixin.py:112} INFO - (2020, 1, 6, 18, 6, 55, 0, 1, -1, 25200)
[2020-03-26 21:37:42,240] {logging_mixin.py:112} INFO - Local Date: 06-Jan-2020
[2020-03-26 21:37:42,241] {logging_mixin.py:112} INFO - Fwd: Successful application - 9/31 Upper Clifton Terrace Red Hill,Annie Nguyen <annieng0499@gmail.com>,06-Jan-2020
[2020-03-26 21:37:44,275] {logging_mixin.py:112} INFO - Message b'16': Fwd: Inspection @31 Upper Clifton Terrace (studio/unit9)
[2020-03-26 21:37:44,276] {logging_mixin.py:112} INFO - Raw Date: Wed, 25 Dec 2019 15:59:57 +0700
[2020-03-26 21:37:44,277] {logging_mixin.py:112} INFO - (2019, 12, 25, 15, 59, 57, 0, 1, -1, 25200)
[2020-03-26 21:37:44,278] {logging_mixin.py:112} INFO - Local Date: 25-Dec-2019
[2020-03-26 21:37:44,279] {logging_mixin.py:112} INFO - Fwd: Inspection @31 Upper Clifton Terrace (studio/unit9),Annie Nguyen <annieng0499@gmail.com>,25-Dec-2019
[2020-03-26 21:37:44,710] {logging_mixin.py:112} INFO - Message b'17': Payment Agreement Confirmation
[2020-03-26 21:37:44,711] {logging_mixin.py:112} INFO - Raw Date: Mon, 2 Mar 2020 07:33:37 +0000
[2020-03-26 21:37:44,712] {logging_mixin.py:112} INFO - (2020, 3, 2, 7, 33, 37, 0, 1, -1, 0)
[2020-03-26 21:37:44,713] {logging_mixin.py:112} INFO - Local Date: 02-Mar-2020
[2020-03-26 21:37:44,714] {logging_mixin.py:112} INFO - Payment Agreement Confirmation,CustomerService@debitsuccess.com.au,02-Mar-2020
[2020-03-26 21:37:46,212] {logging_mixin.py:112} INFO - Message b'18': Reservation confirmed for Parramatta Park
[2020-03-26 21:37:46,212] {logging_mixin.py:112} INFO - Raw Date: Thu, 05 Mar 2020 23:08:23 +0000 (UTC)
[2020-03-26 21:37:46,213] {logging_mixin.py:112} INFO - (2020, 3, 5, 23, 8, 23, 0, 1, -1, 0)
[2020-03-26 21:37:46,214] {logging_mixin.py:112} INFO - Local Date: 06-Mar-2020
[2020-03-26 21:37:46,215] {logging_mixin.py:112} INFO - Reservation confirmed for Parramatta Park,"Airbnb" <automated@airbnb.com>,06-Mar-2020
[2020-03-26 21:37:53,597] {logging_mixin.py:112} INFO - Message b'19': Fwd: Your booking is confirmed - GYG7VMX5NH4M
[2020-03-26 21:37:53,598] {logging_mixin.py:112} INFO - Raw Date: Sat, 7 Mar 2020 18:58:37 +1000
[2020-03-26 21:37:53,599] {logging_mixin.py:112} INFO - (2020, 3, 7, 18, 58, 37, 0, 1, -1, 36000)
[2020-03-26 21:37:53,600] {logging_mixin.py:112} INFO - Local Date: 07-Mar-2020
[2020-03-26 21:37:53,600] {logging_mixin.py:112} INFO - Fwd: Your booking is confirmed - GYG7VMX5NH4M,Tran Quang Huy <quanghuy.qut@gmail.com>,07-Mar-2020
[2020-03-26 21:37:54,271] {logging_mixin.py:112} INFO - Message b'20': Airbnb payment update
[2020-03-26 21:37:54,272] {logging_mixin.py:112} INFO - Raw Date: Sat, 21 Mar 2020 09:04:25 +0000 (UTC)
[2020-03-26 21:37:54,272] {logging_mixin.py:112} INFO - (2020, 3, 21, 9, 4, 25, 0, 1, -1, 0)
[2020-03-26 21:37:54,273] {logging_mixin.py:112} INFO - Local Date: 21-Mar-2020
[2020-03-26 21:37:54,274] {logging_mixin.py:112} INFO - Airbnb payment update,"Airbnb" <automated@airbnb.com>,21-Mar-2020
[2020-03-26 21:37:57,089] {logging_mixin.py:112} INFO - Message b'21': Your 2020-04-14 reservation was canceled
[2020-03-26 21:37:57,089] {logging_mixin.py:112} INFO - Raw Date: Sat, 21 Mar 2020 09:03:48 +0000 (UTC)
[2020-03-26 21:37:57,090] {logging_mixin.py:112} INFO - (2020, 3, 21, 9, 3, 48, 0, 1, -1, 0)
[2020-03-26 21:37:57,090] {logging_mixin.py:112} INFO - Local Date: 21-Mar-2020
[2020-03-26 21:37:57,090] {logging_mixin.py:112} INFO - Your 2020-04-14 reservation was canceled,"Airbnb" <automated@airbnb.com>,21-Mar-2020
[2020-03-26 21:37:58,299] {logging_mixin.py:112} INFO - Message b'22': Airbnb Reservation Canceled
[2020-03-26 21:37:58,300] {logging_mixin.py:112} INFO - Raw Date: Sat, 21 Mar 2020 09:03:49 +0000 (UTC)
[2020-03-26 21:37:58,300] {logging_mixin.py:112} INFO - (2020, 3, 21, 9, 3, 49, 0, 1, -1, 0)
[2020-03-26 21:37:58,301] {logging_mixin.py:112} INFO - Local Date: 21-Mar-2020
[2020-03-26 21:37:58,302] {logging_mixin.py:112} INFO - Airbnb Reservation Canceled,"Airbnb" <automated@airbnb.com>,21-Mar-2020
[2020-03-26 21:37:58,320] {taskinstance.py:1128} ERROR - [Errno 30] Read-only file system: 'email_harry_26_Mar_2020.csv'
Traceback (most recent call last):
  File "/Users/tranquanghuy/email_analytics_dashoard/email_env/lib/python3.6/site-packages/airflow/models/taskinstance.py", line 966, in _run_raw_task
    result = task_copy.execute(context=context)
  File "/Users/tranquanghuy/email_analytics_dashoard/email_env/lib/python3.6/site-packages/airflow/operators/python_operator.py", line 113, in execute
    return_value = self.execute_callable()
  File "/Users/tranquanghuy/email_analytics_dashoard/email_env/lib/python3.6/site-packages/airflow/operators/python_operator.py", line 118, in execute_callable
    return self.python_callable(*self.op_args, **self.op_kwargs)
  File "/Users/tranquanghuy/email_analytics_dashoard/airflow_dir/dags/upload_to_S3.py", line 127, in extract_email
    process_mailbox(M,save_file)
  File "/Users/tranquanghuy/email_analytics_dashoard/airflow_dir/dags/upload_to_S3.py", line 98, in process_mailbox
    df.to_csv(save_file)
  File "/Users/tranquanghuy/email_analytics_dashoard/email_env/lib/python3.6/site-packages/pandas/core/generic.py", line 3228, in to_csv
    formatter.save()
  File "/Users/tranquanghuy/email_analytics_dashoard/email_env/lib/python3.6/site-packages/pandas/io/formats/csvs.py", line 183, in save
    compression=self.compression,
  File "/Users/tranquanghuy/email_analytics_dashoard/email_env/lib/python3.6/site-packages/pandas/io/common.py", line 399, in _get_handle
    f = open(path_or_buf, mode, encoding=encoding, newline="")
OSError: [Errno 30] Read-only file system: 'email_harry_26_Mar_2020.csv'
[2020-03-26 21:37:58,328] {taskinstance.py:1185} INFO - Marking task as FAILED.dag_id=upload_s3, task_id=extract_mail, execution_date=20200101T033000, start_date=20200326T113651, end_date=20200326T113758
[2020-03-26 21:38:02,011] {logging_mixin.py:112} INFO - [2020-03-26 21:38:02,008] {local_task_job.py:103} INFO - Task exited with return code 1
